#
# There is insufficient memory for the Java Runtime Environment to continue.
# Native memory allocation (malloc) failed to allocate 1330896 bytes for Chunk::new
# Possible reasons:
#   The system is out of physical RAM or swap space
#   In 32 bit mode, the process size limit was hit
# Possible solutions:
#   Reduce memory load on the system
#   Increase physical memory or swap space
#   Check if swap backing store is full
#   Use 64 bit Java on a 64 bit OS
#   Decrease Java heap size (-Xmx/-Xms)
#   Decrease number of Java threads
#   Decrease Java thread stack sizes (-Xss)
#   Set larger code cache with -XX:ReservedCodeCacheSize=
# This output file may be truncated or incomplete.
#
#  Out of Memory Error (allocation.cpp:390), pid=8172, tid=5992
#
# JRE version: Java(TM) SE Runtime Environment (8.0_77-b03) (build 1.8.0_77-b03)
# Java VM: Java HotSpot(TM) 64-Bit Server VM (25.77-b03 mixed mode windows-amd64 compressed oops)
# Failed to write core dump. Minidumps are not enabled by default on client versions of Windows
#

---------------  T H R E A D  ---------------

Current thread (0x0000000054dfe000):  JavaThread "C2 CompilerThread0" daemon [_thread_in_native, id=5992, stack(0x0000000056960000,0x0000000056a60000)]

Stack: [0x0000000056960000,0x0000000056a60000]
[error occurred during error reporting (printing stack bounds), id 0xc0000005]

Native frames: (J=compiled Java code, j=interpreted, Vv=VM code, C=native code)


Current CompileTask:
C2:   9362 1585       4       com.android.dx.dex.code.OutputFinisher::addConstants (93 bytes)


---------------  P R O C E S S  ---------------

Java Threads: ( => current thread )
  0x0000000056151800 JavaThread "Service Thread" daemon [_thread_blocked, id=3060, stack(0x0000000056d50000,0x0000000056e50000)]
  0x0000000056145000 JavaThread "C1 CompilerThread2" daemon [_thread_blocked, id=7844, stack(0x0000000056aa0000,0x0000000056ba0000)]
  0x0000000056144000 JavaThread "C2 CompilerThread1" daemon [_thread_in_native, id=7516, stack(0x0000000056810000,0x0000000056910000)]
=>0x0000000054dfe000 JavaThread "C2 CompilerThread0" daemon [_thread_in_native, id=5992, stack(0x0000000056960000,0x0000000056a60000)]
  0x0000000054df9000 JavaThread "Attach Listener" daemon [_thread_blocked, id=7348, stack(0x00000000566d0000,0x00000000567d0000)]
  0x000000005613a800 JavaThread "Signal Dispatcher" daemon [_thread_blocked, id=2876, stack(0x00000000565c0000,0x00000000566c0000)]
  0x0000000054dd3800 JavaThread "Finalizer" daemon [_thread_blocked, id=7160, stack(0x0000000056030000,0x0000000056130000)]
  0x0000000054d92000 JavaThread "Reference Handler" daemon [_thread_blocked, id=5524, stack(0x0000000055ea0000,0x0000000055fa0000)]
  0x000000000038e000 JavaThread "main" [_thread_blocked, id=8152, stack(0x0000000002200000,0x0000000002300000)]

Other Threads:
  0x0000000054d8a800 VMThread [stack: 0x0000000055ce0000,0x0000000055de0000] [id=7468]
  0x000000005620f000 WatcherThread [stack: 0x0000000056f30000,0x0000000057030000] [id=7596]

VM state:not at safepoint (normal execution)

VM Mutex/Monitor currently owned by a thread: None

Heap:
 PSYoungGen      total 33280K, used 24585K [0x00000000eab00000, 0x00000000ece00000, 0x0000000100000000)
  eden space 30720K, 71% used [0x00000000eab00000,0x00000000ec088158,0x00000000ec900000)
  from space 2560K, 99% used [0x00000000ecb80000,0x00000000ecdfa638,0x00000000ece00000)
  to   space 2560K, 0% used [0x00000000ec900000,0x00000000ec900000,0x00000000ecb80000)
 ParOldGen       total 40960K, used 3422K [0x00000000c0000000, 0x00000000c2800000, 0x00000000eab00000)
  object space 40960K, 8% used [0x00000000c0000000,0x00000000c0357a90,0x00000000c2800000)
 Metaspace       used 6225K, capacity 7064K, committed 7424K, reserved 1056768K
  class space    used 612K, capacity 656K, committed 768K, reserved 1048576K

Card table byte_map: [0x00000000116c0000,0x00000000118d0000] byte_map_base: 0x00000000110c0000

Marking Bits: (ParMarkBitMap*) 0x000000005b5e0600
 Begin Bits: [0x0000000012200000, 0x0000000013200000)
 End Bits:   [0x0000000013200000, 0x0000000014200000)

Polling page: 0x0000000000210000

CodeCache: size=245760Kb used=6953Kb max_used=6961Kb free=238806Kb
 bounds [0x0000000002300000, 0x00000000029e0000, 0x0000000011300000]
 total_blobs=1859 nmethods=1588 adapters=184
 compilation: enabled

Compilation events (10 events):
Event: 9.255 Thread 0x0000000054dfe000 1585       4       com.android.dx.dex.code.OutputFinisher::addConstants (93 bytes)
Event: 9.256 Thread 0x0000000056145000 nmethod 1588 0x00000000029c6150 code [0x00000000029c6300, 0x00000000029c6688]
Event: 9.256 Thread 0x0000000056145000 1590       3       java.util.HashMap::keySet (27 bytes)
Event: 9.257 Thread 0x0000000056145000 nmethod 1590 0x00000000029c5a50 code [0x00000000029c5be0, 0x00000000029c5f90]
Event: 9.257 Thread 0x0000000056145000 1591       3       java.util.HashMap$KeySet::iterator (12 bytes)
Event: 9.257 Thread 0x0000000056145000 nmethod 1591 0x00000000029c5590 code [0x00000000029c5700, 0x00000000029c5968]
Event: 9.281 Thread 0x0000000056144000 nmethod 1580 0x00000000029d1dd0 code [0x00000000029d1f80, 0x00000000029d2758]
Event: 9.281 Thread 0x0000000056144000 1586       4       com.android.dx.dex.code.OutputFinisher::addConstants (68 bytes)
Event: 9.307 Thread 0x0000000056145000 1592       3       com.android.dx.dex.code.StdCatchBuilder::hasAnyCatches (57 bytes)
Event: 9.320 Thread 0x0000000056145000 nmethod 1592 0x00000000029cda50 code [0x00000000029cdc40, 0x00000000029ce938]

GC Heap History (4 events):
Event: 2.566 GC heap before
{Heap before GC invocations=1 (full 0):
 PSYoungGen      total 17920K, used 15360K [0x00000000eab00000, 0x00000000ebf00000, 0x0000000100000000)
  eden space 15360K, 100% used [0x00000000eab00000,0x00000000eba00000,0x00000000eba00000)
  from space 2560K, 0% used [0x00000000ebc80000,0x00000000ebc80000,0x00000000ebf00000)
  to   space 2560K, 0% used [0x00000000eba00000,0x00000000eba00000,0x00000000ebc80000)
 ParOldGen       total 40960K, used 0K [0x00000000c0000000, 0x00000000c2800000, 0x00000000eab00000)
  object space 40960K, 0% used [0x00000000c0000000,0x00000000c0000000,0x00000000c2800000)
 Metaspace       used 5843K, capacity 6710K, committed 6784K, reserved 1056768K
  class space    used 604K, capacity 622K, committed 640K, reserved 1048576K
Event: 2.642 GC heap after
Heap after GC invocations=1 (full 0):
 PSYoungGen      total 17920K, used 2548K [0x00000000eab00000, 0x00000000ece00000, 0x0000000100000000)
  eden space 15360K, 0% used [0x00000000eab00000,0x00000000eab00000,0x00000000eba00000)
  from space 2560K, 99% used [0x00000000eba00000,0x00000000ebc7d0b8,0x00000000ebc80000)
  to   space 2560K, 0% used [0x00000000ecb80000,0x00000000ecb80000,0x00000000ece00000)
 ParOldGen       total 40960K, used 1621K [0x00000000c0000000, 0x00000000c2800000, 0x00000000eab00000)
  object space 40960K, 3% used [0x00000000c0000000,0x00000000c0195488,0x00000000c2800000)
 Metaspace       used 5843K, capacity 6710K, committed 6784K, reserved 1056768K
  class space    used 604K, capacity 622K, committed 640K, reserved 1048576K
}
Event: 4.902 GC heap before
{Heap before GC invocations=2 (full 0):
 PSYoungGen      total 17920K, used 17908K [0x00000000eab00000, 0x00000000ece00000, 0x0000000100000000)
  eden space 15360K, 100% used [0x00000000eab00000,0x00000000eba00000,0x00000000eba00000)
  from space 2560K, 99% used [0x00000000eba00000,0x00000000ebc7d0b8,0x00000000ebc80000)
  to   space 2560K, 0% used [0x00000000ecb80000,0x00000000ecb80000,0x00000000ece00000)
 ParOldGen       total 40960K, used 1621K [0x00000000c0000000, 0x00000000c2800000, 0x00000000eab00000)
  object space 40960K, 3% used [0x00000000c0000000,0x00000000c0195488,0x00000000c2800000)
 Metaspace       used 6066K, capacity 6966K, committed 7040K, reserved 1056768K
  class space    used 604K, capacity 622K, committed 640K, reserved 1048576K
Event: 5.068 GC heap after
Heap after GC invocations=2 (full 0):
 PSYoungGen      total 33280K, used 2537K [0x00000000eab00000, 0x00000000ece00000, 0x0000000100000000)
  eden space 30720K, 0% used [0x00000000eab00000,0x00000000eab00000,0x00000000ec900000)
  from space 2560K, 99% used [0x00000000ecb80000,0x00000000ecdfa638,0x00000000ece00000)
  to   space 2560K, 0% used [0x00000000ec900000,0x00000000ec900000,0x00000000ecb80000)
 ParOldGen       total 40960K, used 3422K [0x00000000c0000000, 0x00000000c2800000, 0x00000000eab00000)
  object space 40960K, 8% used [0x00000000c0000000,0x00000000c0357a90,0x00000000c2800000)
 Metaspace       used 6066K, capacity 6966K, committed 7040K, reserved 1056768K
  class space    used 604K, capacity 622K, committed 640K, reserved 1048576K
}

Deoptimization events (10 events):
Event: 9.219 Thread 0x000000000038e000 Uncommon trap: reason=class_check action=maybe_recompile pc=0x00000000027b2df8 method=java.util.Arrays.hashCode([Ljava/lang/Object;)I @ 43
Event: 9.223 Thread 0x000000000038e000 Uncommon trap: reason=bimorphic action=maybe_recompile pc=0x00000000024f97cc method=java.util.HashMap.getNode(ILjava/lang/Object;)Ljava/util/HashMap$Node; @ 126
Event: 9.223 Thread 0x000000000038e000 Uncommon trap: reason=bimorphic action=maybe_recompile pc=0x00000000024f97cc method=java.util.HashMap.getNode(ILjava/lang/Object;)Ljava/util/HashMap$Node; @ 126
Event: 9.223 Thread 0x000000000038e000 Uncommon trap: reason=class_check action=maybe_recompile pc=0x0000000002771b98 method=java.util.HashMap.putVal(ILjava/lang/Object;Ljava/lang/Object;ZZ)Ljava/lang/Object; @ 203
Event: 9.232 Thread 0x000000000038e000 Uncommon trap: reason=bimorphic action=maybe_recompile pc=0x00000000024f97cc method=java.util.HashMap.getNode(ILjava/lang/Object;)Ljava/util/HashMap$Node; @ 126
Event: 9.232 Thread 0x000000000038e000 Uncommon trap: reason=bimorphic action=maybe_recompile pc=0x00000000024f97cc method=java.util.HashMap.getNode(ILjava/lang/Object;)Ljava/util/HashMap$Node; @ 126
Event: 9.233 Thread 0x000000000038e000 Uncommon trap: reason=bimorphic action=maybe_recompile pc=0x0000000002652450 method=java.util.HashMap.getNode(ILjava/lang/Object;)Ljava/util/HashMap$Node; @ 126
Event: 9.233 Thread 0x000000000038e000 Uncommon trap: reason=class_check action=maybe_recompile pc=0x0000000002771b98 method=java.util.HashMap.putVal(ILjava/lang/Object;Ljava/lang/Object;ZZ)Ljava/lang/Object; @ 203
Event: 9.234 Thread 0x000000000038e000 Uncommon trap: reason=class_check action=maybe_recompile pc=0x0000000002771b98 method=java.util.HashMap.putVal(ILjava/lang/Object;Ljava/lang/Object;ZZ)Ljava/lang/Object; @ 203
Event: 9.244 Thread 0x000000000038e000 Uncommon trap: reason=class_check action=maybe_recompile pc=0x0000000002771b98 method=java.util.HashMap.putVal(ILjava/lang/Object;Ljava/lang/Object;ZZ)Ljava/lang/Object; @ 203

Internal exceptions (4 events):
Event: 0.640 Thread 0x000000000038e000 Exception <a 'java/lang/NoSuchMethodError': Method sun.misc.Unsafe.defineClass(Ljava/lang/String;[BII)Ljava/lang/Class; name or signature does not match> (0x00000000eab07cc0) thrown at [D:\re\workspace\8-2-build-windows-amd64-cygwin\jdk8u77\6540\hotspot\sryx5ç}ä?
Event: 0.640 Thread 0x000000000038e000 Exception <a 'java/lang/NoSuchMethodError': Method sun.misc.Unsafe.prefetchRead(Ljava/lang/Object;J)V name or signature does not match> (0x00000000eab07fa8) thrown at [D:\re\workspace\8-2-build-windows-amd64-cygwin\jdk8u77\6540\hotspot\src\share\vm\prims\jÇ¶’Y^±@
Event: 2.962 Thread 0x000000005635b000 Implicit null exception at 0x00000000025fe193 to 0x0000000002600219
Event: 2.962 Thread 0x000000005635b000 Implicit null exception at 0x0000000002673a3e to 0x00000000026759b5

Events (10 events):
Event: 9.233 Thread 0x000000000038e000 DEOPT PACKING pc=0x0000000002771b98 sp=0x00000000022ff150
Event: 9.233 Thread 0x000000000038e000 DEOPT UNPACKING pc=0x000000000234582a sp=0x00000000022ff078 mode 2
Event: 9.234 Thread 0x000000000038e000 Uncommon trap: trap_request=0xffffffde fr.pc=0x0000000002771b98
Event: 9.234 Thread 0x000000000038e000 DEOPT PACKING pc=0x0000000002771b98 sp=0x00000000022ff150
Event: 9.234 Thread 0x000000000038e000 DEOPT UNPACKING pc=0x000000000234582a sp=0x00000000022ff078 mode 2
Event: 9.237 loading class com/android/dx/dex/file/CatchStructs
Event: 9.237 loading class com/android/dx/dex/file/CatchStructs done
Event: 9.244 Thread 0x000000000038e000 Uncommon trap: trap_request=0xffffffde fr.pc=0x0000000002771b98
Event: 9.244 Thread 0x000000000038e000 DEOPT PACKING pc=0x0000000002771b98 sp=0x00000000022ff020
Event: 9.244 Thread 0x000000000038e000 DEOPT UNPACKING pc=0x000000000234582a sp=0x00000000022fef30 mode 2


Dynamic libraries:
0x000000013fda0000 - 0x000000013fdd7000 	C:\Program Files\Java\jdk1.8.0_77\bin\java.exe
0x0000000077390000 - 0x0000000077539000 	C:\Windows\SYSTEM32\ntdll.dll
0x0000000077170000 - 0x000000007728f000 	C:\Windows\system32\kernel32.dll
0x000007fefd440000 - 0x000007fefd4ab000 	C:\Windows\system32\KERNELBASE.dll
0x000007fefe740000 - 0x000007fefe81b000 	C:\Windows\system32\ADVAPI32.dll
0x000007fefd6a0000 - 0x000007fefd73f000 	C:\Windows\system32\msvcrt.dll
0x000007fefd740000 - 0x000007fefd75f000 	C:\Windows\SYSTEM32\sechost.dll
0x000007feff490000 - 0x000007feff5bd000 	C:\Windows\system32\RPCRT4.dll
0x0000000077290000 - 0x000000007738a000 	C:\Windows\system32\USER32.dll
0x000007fefd830000 - 0x000007fefd897000 	C:\Windows\system32\GDI32.dll
0x000007fefd550000 - 0x000007fefd55e000 	C:\Windows\system32\LPK.dll
0x000007fefd760000 - 0x000007fefd829000 	C:\Windows\system32\USP10.dll
0x000007fefbba0000 - 0x000007fefbd94000 	C:\Windows\WinSxS\amd64_microsoft.windows.common-controls_6595b64144ccf1df_6.0.7601.17514_none_fa396087175ac9ac\COMCTL32.dll
0x000007fefe630000 - 0x000007fefe6a1000 	C:\Windows\system32\SHLWAPI.dll
0x000007fefe710000 - 0x000007fefe73e000 	C:\Windows\system32\IMM32.DLL
0x000007fefe850000 - 0x000007fefe959000 	C:\Windows\system32\MSCTF.dll
0x0000000061190000 - 0x0000000061262000 	C:\Program Files\Java\jdk1.8.0_77\jre\bin\msvcr100.dll
0x000000005add0000 - 0x000000005b660000 	C:\Program Files\Java\jdk1.8.0_77\jre\bin\server\jvm.dll
0x000007fef6080000 - 0x000007fef6089000 	C:\Windows\system32\WSOCK32.dll
0x000007fefd500000 - 0x000007fefd54d000 	C:\Windows\system32\WS2_32.dll
0x000007fefe840000 - 0x000007fefe848000 	C:\Windows\system32\NSI.dll
0x000007fef8d50000 - 0x000007fef8d8b000 	C:\Windows\system32\WINMM.dll
0x000007fefc230000 - 0x000007fefc23c000 	C:\Windows\system32\VERSION.dll
0x0000000077560000 - 0x0000000077567000 	C:\Windows\system32\PSAPI.DLL
0x000000006d080000 - 0x000000006d08f000 	C:\Program Files\Java\jdk1.8.0_77\jre\bin\verify.dll
0x000000006d050000 - 0x000000006d079000 	C:\Program Files\Java\jdk1.8.0_77\jre\bin\java.dll
0x000000006d030000 - 0x000000006d046000 	C:\Program Files\Java\jdk1.8.0_77\jre\bin\zip.dll
0x000007fefd8a0000 - 0x000007fefe628000 	C:\Windows\system32\SHELL32.dll
0x000007fefe960000 - 0x000007fefeb63000 	C:\Windows\system32\ole32.dll
0x000007fefd150000 - 0x000007fefd15f000 	C:\Windows\system32\profapi.dll

VM Arguments:
jvm_args: -Djava.awt.headless=true -Xmx1024M -Dfile.encoding=x-windows-949 -Duser.country=KR -Duser.language=ko -Duser.variant 
java_command: com.android.dx.command.Main --dex --force-jumbo --num-threads=4 --output C:\andDev\work\VolleyListProject\app\build\intermediates\pre-dexed\debug\library-1.0.19_cb81e7b346f97bb1d6e68760bbf2fd66a189ea01.jar C:\Users\Tacademy\.gradle\caches\modules-2\files-2.1\com.mcxiaoke.volley\library\1.0.19\a8f23f65fc1e522ee4a1a697ee569901a46741fa\library-1.0.19.jar
java_class_path (initial): C:\andDev\sdk\build-tools\24.0.1\lib\dx.jar
Launcher Type: SUN_STANDARD

Environment Variables:
PATH=C:\ProgramData\Oracle\Java\javapath;C:\Program Files (x86)\Intel\iCLS Client\;C:\Program Files\Intel\iCLS Client\;C:\Windows\system32;C:\Windows;C:\Windows\System32\Wbem;C:\Windows\System32\WindowsPowerShell\v1.0\;C:\Program Files (x86)\Intel\OpenCL SDK\2.0\bin\x86;C:\Program Files (x86)\Intel\OpenCL SDK\2.0\bin\x64;C:\Program Files\Intel\Intel(R) Management Engine Components\DAL;C:\Program Files\Intel\Intel(R) Management Engine Components\IPT;C:\Program Files (x86)\Intel\Intel(R) Management Engine Components\DAL;C:\Program Files (x86)\Intel\Intel(R) Management Engine Components\IPT;C:\Program Files\Intel\WiFi\bin\;C:\Program Files\Common Files\Intel\WirelessCommon\;C:\Program Files\Bandizip\7z;C:\Program Files\Intel\WiFi\bin\;C:\Program Files\Common Files\Intel\WirelessCommon\
USERNAME=Tacademy
OS=Windows_NT
PROCESSOR_IDENTIFIER=Intel64 Family 6 Model 58 Stepping 9, GenuineIntel



---------------  S Y S T E M  ---------------

OS: Windows 7 , 64 bit Build 7601 (6.1.7601.18015)

CPU:total 4 (2 cores per cpu, 2 threads per core) family 6 model 58 stepping 9, cmov, cx8, fxsr, mmx, sse, sse2, sse3, ssse3, sse4.1, sse4.2, popcnt, avx, aes, clmul, erms, ht, tsc, tscinvbit, tscinv

Memory: 4k page, physical 3888676k(113344k free), swap 15443124k(18608k free)

vm_info: Java HotSpot(TM) 64-Bit Server VM (25.77-b03) for windows-amd64 JRE (1.8.0_77-b03), built on Mar 20 2016 22:01:33 by "java_re" with MS VC++ 10.0 (VS2010)

time: Thu Jul 28 13:32:02 2016
elapsed time: 9 seconds (0d 0h 0m 9s)

