#
# There is insufficient memory for the Java Runtime Environment to continue.
# Native memory allocation (malloc) failed to allocate 1136496 bytes for Chunk::new
# Possible reasons:
#   The system is out of physical RAM or swap space
#   In 32 bit mode, the process size limit was hit
# Possible solutions:
#   Reduce memory load on the system
#   Increase physical memory or swap space
#   Check if swap backing store is full
#   Use 64 bit Java on a 64 bit OS
#   Decrease Java heap size (-Xmx/-Xms)
#   Decrease number of Java threads
#   Decrease Java thread stack sizes (-Xss)
#   Set larger code cache with -XX:ReservedCodeCacheSize=
# This output file may be truncated or incomplete.
#
#  Out of Memory Error (allocation.cpp:390), pid=5408, tid=7336
#
# JRE version: Java(TM) SE Runtime Environment (8.0_77-b03) (build 1.8.0_77-b03)
# Java VM: Java HotSpot(TM) 64-Bit Server VM (25.77-b03 mixed mode windows-amd64 compressed oops)
# Failed to write core dump. Minidumps are not enabled by default on client versions of Windows
#

---------------  T H R E A D  ---------------

Current thread (0x00000000560f4000):  JavaThread "C2 CompilerThread1" daemon [_thread_in_native, id=7336, stack(0x0000000056bd0000,0x0000000056cd0000)]

Stack: [0x0000000056bd0000,0x0000000056cd0000]
[error occurred during error reporting (printing stack bounds), id 0xc0000005]

Native frames: (J=compiled Java code, j=interpreted, Vv=VM code, C=native code)


Current CompileTask:
C2:  23019 2246       4       com.android.dx.cf.code.Simulator$SimVisitor::visitLocal (329 bytes)


---------------  P R O C E S S  ---------------

Java Threads: ( => current thread )
  0x00000000563c4800 JavaThread "pool-1-thread-4" [_thread_blocked, id=4384, stack(0x0000000057600000,0x0000000057700000)]
  0x00000000563b9800 JavaThread "pool-1-thread-3" [_thread_in_Java, id=8024, stack(0x00000000574e0000,0x00000000575e0000)]
  0x00000000563b6000 JavaThread "pool-1-thread-2" [_thread_in_Java, id=7604, stack(0x0000000057280000,0x0000000057380000)]
  0x00000000563b5800 JavaThread "pool-2-thread-1" [_thread_blocked, id=6676, stack(0x0000000056a50000,0x0000000056b50000)]
  0x00000000563af800 JavaThread "pool-1-thread-1" [_thread_blocked, id=7824, stack(0x0000000057020000,0x0000000057120000)]
  0x0000000056149800 JavaThread "Service Thread" daemon [_thread_blocked, id=6164, stack(0x0000000056e10000,0x0000000056f10000)]
  0x0000000056115000 JavaThread "C1 CompilerThread2" daemon [_thread_blocked, id=8116, stack(0x0000000056d00000,0x0000000056e00000)]
=>0x00000000560f4000 JavaThread "C2 CompilerThread1" daemon [_thread_in_native, id=7336, stack(0x0000000056bd0000,0x0000000056cd0000)]
  0x00000000560db000 JavaThread "C2 CompilerThread0" daemon [_thread_in_native, id=7884, stack(0x0000000056940000,0x0000000056a40000)]
  0x00000000560d6000 JavaThread "Attach Listener" daemon [_thread_blocked, id=552, stack(0x0000000056720000,0x0000000056820000)]
  0x00000000560cc800 JavaThread "Signal Dispatcher" daemon [_thread_blocked, id=6692, stack(0x0000000056530000,0x0000000056630000)]
  0x0000000054e69000 JavaThread "Finalizer" daemon [_thread_blocked, id=8048, stack(0x0000000055c60000,0x0000000055d60000)]
  0x0000000054e22000 JavaThread "Reference Handler" daemon [_thread_blocked, id=7416, stack(0x0000000055fc0000,0x00000000560c0000)]
  0x00000000020ae000 JavaThread "main" [_thread_in_Java, id=1768, stack(0x0000000002280000,0x0000000002380000)]

Other Threads:
  0x0000000054e1a800 VMThread [stack: 0x0000000055df0000,0x0000000055ef0000] [id=6868]
  0x0000000056193000 WatcherThread [stack: 0x0000000056830000,0x0000000056930000] [id=6800]

VM state:not at safepoint (normal execution)

VM Mutex/Monitor currently owned by a thread: None

Heap:
 PSYoungGen      total 134656K, used 77905K [0x00000000eab00000, 0x00000000f4000000, 0x0000000100000000)
  eden space 121344K, 54% used [0x00000000eab00000,0x00000000eeba9558,0x00000000f2180000)
  from space 13312K, 87% used [0x00000000f3000000,0x00000000f3b6af48,0x00000000f3d00000)
  to   space 14848K, 0% used [0x00000000f2180000,0x00000000f2180000,0x00000000f3000000)
 ParOldGen       total 40960K, used 21768K [0x00000000c0000000, 0x00000000c2800000, 0x00000000eab00000)
  object space 40960K, 53% used [0x00000000c0000000,0x00000000c15423d8,0x00000000c2800000)
 Metaspace       used 6493K, capacity 7192K, committed 7424K, reserved 1056768K
  class space    used 629K, capacity 656K, committed 768K, reserved 1048576K

Card table byte_map: [0x0000000011740000,0x0000000011950000] byte_map_base: 0x0000000011140000

Marking Bits: (ParMarkBitMap*) 0x000000005b5e0600
 Begin Bits: [0x0000000012290000, 0x0000000013290000)
 End Bits:   [0x0000000013290000, 0x0000000014290000)

Polling page: 0x0000000000210000

CodeCache: size=245760Kb used=9984Kb max_used=9996Kb free=235775Kb
 bounds [0x0000000002380000, 0x0000000002d60000, 0x0000000011380000]
 total_blobs=2306 nmethods=2034 adapters=184
 compilation: enabled

Compilation events (10 events):
Event: 22.721 Thread 0x00000000560f4000 2241       4       java.util.HashMap::resize (359 bytes)
Event: 22.741 Thread 0x00000000560f4000 nmethod 2241 0x0000000002ccf6d0 code [0x0000000002ccf860, 0x0000000002ccfd88]
Event: 22.762 Thread 0x00000000560db000 2242       4       com.android.dx.ssa.SsaConverter::placePhiFunctions (394 bytes)
Event: 22.782 Thread 0x00000000560f4000 2243       4       com.android.dx.rop.cst.CstLiteral32::equals (35 bytes)
Event: 22.783 Thread 0x00000000560f4000 nmethod 2243 0x00000000024a5450 code [0x00000000024a5580, 0x00000000024a5638]
Event: 22.792 Thread 0x00000000560f4000 2244       4       com.android.dx.dex.code.RopTranslator::getRegs (64 bytes)
Event: 22.804 Thread 0x00000000560f4000 nmethod 2244 0x0000000002cd00d0 code [0x0000000002cd0260, 0x0000000002cd0708]
Event: 22.822 Thread 0x00000000560f4000 2245       4       java.util.HashMap::tableSizeFor (59 bytes)
Event: 22.822 Thread 0x00000000560f4000 nmethod 2245 0x0000000002bca2d0 code [0x0000000002bca400, 0x0000000002bca498]
Event: 22.822 Thread 0x00000000560f4000 2246       4       com.android.dx.cf.code.Simulator$SimVisitor::visitLocal (329 bytes)

GC Heap History (10 events):
Event: 3.595 GC heap before
{Heap before GC invocations=2 (full 0):
 PSYoungGen      total 17920K, used 17918K [0x00000000eab00000, 0x00000000ece00000, 0x0000000100000000)
  eden space 15360K, 100% used [0x00000000eab00000,0x00000000eba00000,0x00000000eba00000)
  from space 2560K, 99% used [0x00000000eba00000,0x00000000ebc7fac0,0x00000000ebc80000)
  to   space 2560K, 0% used [0x00000000ecb80000,0x00000000ecb80000,0x00000000ece00000)
 ParOldGen       total 40960K, used 853K [0x00000000c0000000, 0x00000000c2800000, 0x00000000eab00000)
  object space 40960K, 2% used [0x00000000c0000000,0x00000000c00d54f0,0x00000000c2800000)
 Metaspace       used 5940K, capacity 6838K, committed 7040K, reserved 1056768K
  class space    used 607K, capacity 622K, committed 640K, reserved 1048576K
Event: 3.636 GC heap after
Heap after GC invocations=2 (full 0):
 PSYoungGen      total 33280K, used 2536K [0x00000000eab00000, 0x00000000ece00000, 0x0000000100000000)
  eden space 30720K, 0% used [0x00000000eab00000,0x00000000eab00000,0x00000000ec900000)
  from space 2560K, 99% used [0x00000000ecb80000,0x00000000ecdfa1b8,0x00000000ece00000)
  to   space 2560K, 0% used [0x00000000ec900000,0x00000000ec900000,0x00000000ecb80000)
 ParOldGen       total 40960K, used 2551K [0x00000000c0000000, 0x00000000c2800000, 0x00000000eab00000)
  object space 40960K, 6% used [0x00000000c0000000,0x00000000c027df90,0x00000000c2800000)
 Metaspace       used 5940K, capacity 6838K, committed 7040K, reserved 1056768K
  class space    used 607K, capacity 622K, committed 640K, reserved 1048576K
}
Event: 4.649 GC heap before
{Heap before GC invocations=3 (full 0):
 PSYoungGen      total 33280K, used 33256K [0x00000000eab00000, 0x00000000ece00000, 0x0000000100000000)
  eden space 30720K, 100% used [0x00000000eab00000,0x00000000ec900000,0x00000000ec900000)
  from space 2560K, 99% used [0x00000000ecb80000,0x00000000ecdfa1b8,0x00000000ece00000)
  to   space 2560K, 0% used [0x00000000ec900000,0x00000000ec900000,0x00000000ecb80000)
 ParOldGen       total 40960K, used 2551K [0x00000000c0000000, 0x00000000c2800000, 0x00000000eab00000)
  object space 40960K, 6% used [0x00000000c0000000,0x00000000c027df90,0x00000000c2800000)
 Metaspace       used 6133K, capacity 7030K, committed 7296K, reserved 1056768K
  class space    used 607K, capacity 622K, committed 640K, reserved 1048576K
Event: 4.671 GC heap after
Heap after GC invocations=3 (full 0):
 PSYoungGen      total 33280K, used 2546K [0x00000000eab00000, 0x00000000eec00000, 0x0000000100000000)
  eden space 30720K, 0% used [0x00000000eab00000,0x00000000eab00000,0x00000000ec900000)
  from space 2560K, 99% used [0x00000000ec900000,0x00000000ecb7cba0,0x00000000ecb80000)
  to   space 2560K, 0% used [0x00000000ee980000,0x00000000ee980000,0x00000000eec00000)
 ParOldGen       total 40960K, used 7023K [0x00000000c0000000, 0x00000000c2800000, 0x00000000eab00000)
  object space 40960K, 17% used [0x00000000c0000000,0x00000000c06dbe38,0x00000000c2800000)
 Metaspace       used 6133K, capacity 7030K, committed 7296K, reserved 1056768K
  class space    used 607K, capacity 622K, committed 640K, reserved 1048576K
}
Event: 5.502 GC heap before
{Heap before GC invocations=4 (full 0):
 PSYoungGen      total 33280K, used 33266K [0x00000000eab00000, 0x00000000eec00000, 0x0000000100000000)
  eden space 30720K, 100% used [0x00000000eab00000,0x00000000ec900000,0x00000000ec900000)
  from space 2560K, 99% used [0x00000000ec900000,0x00000000ecb7cba0,0x00000000ecb80000)
  to   space 2560K, 0% used [0x00000000ee980000,0x00000000ee980000,0x00000000eec00000)
 ParOldGen       total 40960K, used 7023K [0x00000000c0000000, 0x00000000c2800000, 0x00000000eab00000)
  object space 40960K, 17% used [0x00000000c0000000,0x00000000c06dbe38,0x00000000c2800000)
 Metaspace       used 6252K, capacity 7094K, committed 7296K, reserved 1056768K
  class space    used 608K, capacity 622K, committed 640K, reserved 1048576K
Event: 5.528 GC heap after
Heap after GC invocations=4 (full 0):
 PSYoungGen      total 64000K, used 2539K [0x00000000eab00000, 0x00000000eec00000, 0x0000000100000000)
  eden space 61440K, 0% used [0x00000000eab00000,0x00000000eab00000,0x00000000ee700000)
  from space 2560K, 99% used [0x00000000ee980000,0x00000000eebfacd0,0x00000000eec00000)
  to   space 2560K, 0% used [0x00000000ee700000,0x00000000ee700000,0x00000000ee980000)
 ParOldGen       total 40960K, used 11626K [0x00000000c0000000, 0x00000000c2800000, 0x00000000eab00000)
  object space 40960K, 28% used [0x00000000c0000000,0x00000000c0b5a878,0x00000000c2800000)
 Metaspace       used 6252K, capacity 7094K, committed 7296K, reserved 1056768K
  class space    used 608K, capacity 622K, committed 640K, reserved 1048576K
}
Event: 6.502 GC heap before
{Heap before GC invocations=5 (full 0):
 PSYoungGen      total 64000K, used 63979K [0x00000000eab00000, 0x00000000eec00000, 0x0000000100000000)
  eden space 61440K, 100% used [0x00000000eab00000,0x00000000ee700000,0x00000000ee700000)
  from space 2560K, 99% used [0x00000000ee980000,0x00000000eebfacd0,0x00000000eec00000)
  to   space 2560K, 0% used [0x00000000ee700000,0x00000000ee700000,0x00000000ee980000)
 ParOldGen       total 40960K, used 11626K [0x00000000c0000000, 0x00000000c2800000, 0x00000000eab00000)
  object space 40960K, 28% used [0x00000000c0000000,0x00000000c0b5a878,0x00000000c2800000)
 Metaspace       used 6323K, capacity 7158K, committed 7296K, reserved 1056768K
  class space    used 609K, capacity 622K, committed 640K, reserved 1048576K
Event: 6.908 GC heap after
Heap after GC invocations=5 (full 0):
 PSYoungGen      total 64000K, used 2545K [0x00000000eab00000, 0x00000000f3d00000, 0x0000000100000000)
  eden space 61440K, 0% used [0x00000000eab00000,0x00000000eab00000,0x00000000ee700000)
  from space 2560K, 99% used [0x00000000ee700000,0x00000000ee97c448,0x00000000ee980000)
  to   space 13312K, 0% used [0x00000000f3000000,0x00000000f3000000,0x00000000f3d00000)
 ParOldGen       total 40960K, used 21768K [0x00000000c0000000, 0x00000000c2800000, 0x00000000eab00000)
  object space 40960K, 53% used [0x00000000c0000000,0x00000000c15423d8,0x00000000c2800000)
 Metaspace       used 6323K, capacity 7158K, committed 7296K, reserved 1056768K
  class space    used 609K, capacity 622K, committed 640K, reserved 1048576K
}
Event: 8.078 GC heap before
{Heap before GC invocations=6 (full 0):
 PSYoungGen      total 64000K, used 63985K [0x00000000eab00000, 0x00000000f3d00000, 0x0000000100000000)
  eden space 61440K, 100% used [0x00000000eab00000,0x00000000ee700000,0x00000000ee700000)
  from space 2560K, 99% used [0x00000000ee700000,0x00000000ee97c448,0x00000000ee980000)
  to   space 13312K, 0% used [0x00000000f3000000,0x00000000f3000000,0x00000000f3d00000)
 ParOldGen       total 40960K, used 21768K [0x00000000c0000000, 0x00000000c2800000, 0x00000000eab00000)
  object space 40960K, 53% used [0x00000000c0000000,0x00000000c15423d8,0x00000000c2800000)
 Metaspace       used 6423K, capacity 7192K, committed 7424K, reserved 1056768K
  class space    used 628K, capacity 656K, committed 768K, reserved 1048576K
Event: 8.155 GC heap after
Heap after GC invocations=6 (full 0):
 PSYoungGen      total 134656K, used 11691K [0x00000000eab00000, 0x00000000f4000000, 0x0000000100000000)
  eden space 121344K, 0% used [0x00000000eab00000,0x00000000eab00000,0x00000000f2180000)
  from space 13312K, 87% used [0x00000000f3000000,0x00000000f3b6af48,0x00000000f3d00000)
  to   space 14848K, 0% used [0x00000000f2180000,0x00000000f2180000,0x00000000f3000000)
 ParOldGen       total 40960K, used 21768K [0x00000000c0000000, 0x00000000c2800000, 0x00000000eab00000)
  object space 40960K, 53% used [0x00000000c0000000,0x00000000c15423d8,0x00000000c2800000)
 Metaspace       used 6423K, capacity 7192K, committed 7424K, reserved 1056768K
  class space    used 628K, capacity 656K, committed 768K, reserved 1048576K
}

Deoptimization events (10 events):
Event: 8.010 Thread 0x00000000563b6000 Uncommon trap: reason=bimorphic action=maybe_recompile pc=0x0000000002b27fdc method=com.android.dx.cf.code.BytecodeArray.parseInstruction(ILcom/android/dx/cf/code/BytecodeArray$Visitor;)I @ 1130
Event: 8.059 Thread 0x00000000563b9800 Uncommon trap: reason=unstable_if action=reinterpret pc=0x0000000002a2caa0 method=com.android.dx.ssa.InterferenceRegisterMapper.interferes(III)Z @ 69
Event: 8.162 Thread 0x00000000563c4800 Uncommon trap: reason=unstable_if action=reinterpret pc=0x000000000270595c method=java.util.HashMap.putVal(ILjava/lang/Object;Ljava/lang/Object;ZZ)Ljava/lang/Object; @ 162
Event: 8.173 Thread 0x00000000563c4800 Uncommon trap: reason=unstable_if action=reinterpret pc=0x0000000002ad5180 method=java.util.HashMap.getNode(ILjava/lang/Object;)Ljava/util/HashMap$Node; @ 84
Event: 8.199 Thread 0x00000000563b6000 Uncommon trap: reason=unstable_if action=reinterpret pc=0x00000000028c0730 method=com.android.dx.ssa.MoveParamCombiner$1.visitNonMoveInsn(Lcom/android/dx/ssa/NormalSsaInsn;)V @ 27
Event: 8.239 Thread 0x00000000563b6000 Uncommon trap: reason=unstable_if action=reinterpret pc=0x0000000002afcd20 method=com.android.dx.rop.code.DexTranslationAdvice.hasConstantOperation(Lcom/android/dx/rop/code/Rop;Lcom/android/dx/rop/code/RegisterSpec;Lcom/android/dx/rop/code/RegisterSpec;)Z 
Event: 8.544 Thread 0x00000000563b9800 Uncommon trap: reason=bimorphic action=maybe_recompile pc=0x00000000029ce6d4 method=com.android.dx.ssa.SCCP.simulatePhi(Lcom/android/dx/ssa/PhiInsn;)V @ 124
Event: 9.818 Thread 0x00000000563af800 Uncommon trap: reason=unstable_if action=reinterpret pc=0x00000000029de544 method=java.util.HashMap.resize()[Ljava/util/HashMap$Node; @ 206
Event: 12.738 Thread 0x00000000563b6000 Uncommon trap: reason=bimorphic action=maybe_recompile pc=0x00000000029ce6d4 method=com.android.dx.ssa.SCCP.simulatePhi(Lcom/android/dx/ssa/PhiInsn;)V @ 124
Event: 12.748 Thread 0x00000000563b6000 Uncommon trap: reason=bimorphic action=maybe_recompile pc=0x00000000029ce6d4 method=com.android.dx.ssa.SCCP.simulatePhi(Lcom/android/dx/ssa/PhiInsn;)V @ 124

Internal exceptions (6 events):
Event: 0.106 Thread 0x00000000020ae000 Exception <a 'java/lang/NoSuchMethodError': Method sun.misc.Unsafe.defineClass(Ljava/lang/String;[BII)Ljava/lang/Class; name or signature does not match> (0x00000000eab07cc0) thrown at [D:\re\workspace\8-2-build-windows-amd64-cygwin\jdk8u77\6540\hotspot\srì’tã»?
Event: 0.106 Thread 0x00000000020ae000 Exception <a 'java/lang/NoSuchMethodError': Method sun.misc.Unsafe.prefetchRead(Ljava/lang/Object;J)V name or signature does not match> (0x00000000eab07fa8) thrown at [D:\re\workspace\8-2-build-windows-amd64-cygwin\jdk8u77\6540\hotspot\src\share\vm\prims\j‡ú©h@
Event: 4.602 Thread 0x00000000563af800 Implicit null exception at 0x00000000028d1f80 to 0x00000000028d42ed
Event: 7.476 Thread 0x00000000563b6000 Exception <a 'java/lang/ArrayIndexOutOfBoundsException': 18> (0x00000000ecdcdc78) thrown at [D:\re\workspace\8-2-build-windows-amd64-cygwin\jdk8u77\6540\hotspot\src\share\vm\interpreter\interpreterRuntime.cpp, line 366]
Event: 7.477 Thread 0x00000000563b6000 Exception <a 'java/lang/ArrayIndexOutOfBoundsException': 145> (0x00000000ecdcf7f8) thrown at [D:\re\workspace\8-2-build-windows-amd64-cygwin\jdk8u77\6540\hotspot\src\share\vm\interpreter\interpreterRuntime.cpp, line 366]
Event: 7.596 Thread 0x00000000563b6000 Exception <a 'java/lang/ArrayIndexOutOfBoundsException'> (0x00000000ecdd0ae0) thrown at [D:\re\workspace\8-2-build-windows-amd64-cygwin\jdk8u77\6540\hotspot\src\share\vm\runtime\sharedRuntime.cpp, line 605]

Events (10 events):
Event: 20.140 Thread 0x0000000056115000 flushing nmethod 0x00000000024babd0
Event: 20.140 Thread 0x0000000056115000 flushing nmethod 0x00000000024baf10
Event: 20.140 Thread 0x0000000056115000 flushing nmethod 0x00000000024bb710
Event: 20.140 Thread 0x0000000056115000 flushing nmethod 0x00000000024bba90
Event: 20.140 Thread 0x0000000056115000 flushing nmethod 0x00000000024bbd90
Event: 20.140 Thread 0x0000000056115000 flushing nmethod 0x00000000024bc490
Event: 20.799 Thread 0x00000000563b6000 DEOPT PACKING pc=0x000000000282f066 sp=0x000000005737e1c0
Event: 20.800 Thread 0x00000000563b6000 DEOPT UNPACKING pc=0x00000000023c787f sp=0x000000005737e000 mode 0
Event: 22.750 Thread 0x00000000563b6000 DEOPT PACKING pc=0x00000000027d54e9 sp=0x000000005737e420
Event: 22.750 Thread 0x00000000563b6000 DEOPT UNPACKING pc=0x00000000023c787f sp=0x000000005737e250 mode 0


Dynamic libraries:
0x000000013fda0000 - 0x000000013fdd7000 	C:\Program Files\Java\jdk1.8.0_77\bin\java.exe
0x0000000077390000 - 0x0000000077539000 	C:\Windows\SYSTEM32\ntdll.dll
0x0000000077170000 - 0x000000007728f000 	C:\Windows\system32\kernel32.dll
0x000007fefd440000 - 0x000007fefd4ab000 	C:\Windows\system32\KERNELBASE.dll
0x000007fefe740000 - 0x000007fefe81b000 	C:\Windows\system32\ADVAPI32.dll
0x000007fefd6a0000 - 0x000007fefd73f000 	C:\Windows\system32\msvcrt.dll
0x000007fefd740000 - 0x000007fefd75f000 	C:\Windows\SYSTEM32\sechost.dll
0x000007feff490000 - 0x000007feff5bd000 	C:\Windows\system32\RPCRT4.dll
0x0000000077290000 - 0x000000007738a000 	C:\Windows\system32\USER32.dll
0x000007fefd830000 - 0x000007fefd897000 	C:\Windows\system32\GDI32.dll
0x000007fefd550000 - 0x000007fefd55e000 	C:\Windows\system32\LPK.dll
0x000007fefd760000 - 0x000007fefd829000 	C:\Windows\system32\USP10.dll
0x000007fefbba0000 - 0x000007fefbd94000 	C:\Windows\WinSxS\amd64_microsoft.windows.common-controls_6595b64144ccf1df_6.0.7601.17514_none_fa396087175ac9ac\COMCTL32.dll
0x000007fefe630000 - 0x000007fefe6a1000 	C:\Windows\system32\SHLWAPI.dll
0x000007fefe710000 - 0x000007fefe73e000 	C:\Windows\system32\IMM32.DLL
0x000007fefe850000 - 0x000007fefe959000 	C:\Windows\system32\MSCTF.dll
0x0000000061190000 - 0x0000000061262000 	C:\Program Files\Java\jdk1.8.0_77\jre\bin\msvcr100.dll
0x000000005add0000 - 0x000000005b660000 	C:\Program Files\Java\jdk1.8.0_77\jre\bin\server\jvm.dll
0x000007fef6080000 - 0x000007fef6089000 	C:\Windows\system32\WSOCK32.dll
0x000007fefd500000 - 0x000007fefd54d000 	C:\Windows\system32\WS2_32.dll
0x000007fefe840000 - 0x000007fefe848000 	C:\Windows\system32\NSI.dll
0x000007fef8d50000 - 0x000007fef8d8b000 	C:\Windows\system32\WINMM.dll
0x000007fefc230000 - 0x000007fefc23c000 	C:\Windows\system32\VERSION.dll
0x0000000077560000 - 0x0000000077567000 	C:\Windows\system32\PSAPI.DLL
0x000000006d080000 - 0x000000006d08f000 	C:\Program Files\Java\jdk1.8.0_77\jre\bin\verify.dll
0x000000006d050000 - 0x000000006d079000 	C:\Program Files\Java\jdk1.8.0_77\jre\bin\java.dll
0x000000006d030000 - 0x000000006d046000 	C:\Program Files\Java\jdk1.8.0_77\jre\bin\zip.dll
0x000007fefd8a0000 - 0x000007fefe628000 	C:\Windows\system32\SHELL32.dll
0x000007fefe960000 - 0x000007fefeb63000 	C:\Windows\system32\ole32.dll
0x000007fefd150000 - 0x000007fefd15f000 	C:\Windows\system32\profapi.dll

VM Arguments:
jvm_args: -Djava.awt.headless=true -Xmx1024M -Dfile.encoding=x-windows-949 -Duser.country=KR -Duser.language=ko -Duser.variant 
java_command: com.android.dx.command.Main --dex --force-jumbo --num-threads=4 --output C:\andDev\work\VolleyListProject\app\build\intermediates\pre-dexed\debug\com.android.support-appcompat-v7-24.1.1_9c99c08ae3be1db54d9710585be73216f166556c.jar C:\andDev\work\VolleyListProject\app\build\intermediates\exploded-aar\com.android.support\appcompat-v7\24.1.1\jars\classes.jar
java_class_path (initial): C:\andDev\sdk\build-tools\24.0.1\lib\dx.jar
Launcher Type: SUN_STANDARD

Environment Variables:
PATH=C:\ProgramData\Oracle\Java\javapath;C:\Program Files (x86)\Intel\iCLS Client\;C:\Program Files\Intel\iCLS Client\;C:\Windows\system32;C:\Windows;C:\Windows\System32\Wbem;C:\Windows\System32\WindowsPowerShell\v1.0\;C:\Program Files (x86)\Intel\OpenCL SDK\2.0\bin\x86;C:\Program Files (x86)\Intel\OpenCL SDK\2.0\bin\x64;C:\Program Files\Intel\Intel(R) Management Engine Components\DAL;C:\Program Files\Intel\Intel(R) Management Engine Components\IPT;C:\Program Files (x86)\Intel\Intel(R) Management Engine Components\DAL;C:\Program Files (x86)\Intel\Intel(R) Management Engine Components\IPT;C:\Program Files\Intel\WiFi\bin\;C:\Program Files\Common Files\Intel\WirelessCommon\;C:\Program Files\Bandizip\7z;C:\Program Files\Intel\WiFi\bin\;C:\Program Files\Common Files\Intel\WirelessCommon\
USERNAME=Tacademy
OS=Windows_NT
PROCESSOR_IDENTIFIER=Intel64 Family 6 Model 58 Stepping 9, GenuineIntel



---------------  S Y S T E M  ---------------

OS: Windows 7 , 64 bit Build 7601 (6.1.7601.18015)

CPU:total 4 (2 cores per cpu, 2 threads per core) family 6 model 58 stepping 9, cmov, cx8, fxsr, mmx, sse, sse2, sse3, ssse3, sse4.1, sse4.2, popcnt, avx, aes, clmul, erms, ht, tsc, tscinvbit, tscinv

Memory: 4k page, physical 3888676k(63500k free), swap 15410356k(9420k free)

vm_info: Java HotSpot(TM) 64-Bit Server VM (25.77-b03) for windows-amd64 JRE (1.8.0_77-b03), built on Mar 20 2016 22:01:33 by "java_re" with MS VC++ 10.0 (VS2010)

time: Thu Jul 28 13:31:48 2016
elapsed time: 23 seconds (0d 0h 0m 23s)

