#
# There is insufficient memory for the Java Runtime Environment to continue.
# Native memory allocation (malloc) failed to allocate 837296 bytes for Chunk::new
# Possible reasons:
#   The system is out of physical RAM or swap space
#   In 32 bit mode, the process size limit was hit
# Possible solutions:
#   Reduce memory load on the system
#   Increase physical memory or swap space
#   Check if swap backing store is full
#   Use 64 bit Java on a 64 bit OS
#   Decrease Java heap size (-Xmx/-Xms)
#   Decrease number of Java threads
#   Decrease Java thread stack sizes (-Xss)
#   Set larger code cache with -XX:ReservedCodeCacheSize=
# This output file may be truncated or incomplete.
#
#  Out of Memory Error (allocation.cpp:390), pid=7508, tid=3216
#
# JRE version: Java(TM) SE Runtime Environment (8.0_77-b03) (build 1.8.0_77-b03)
# Java VM: Java HotSpot(TM) 64-Bit Server VM (25.77-b03 mixed mode windows-amd64 compressed oops)
# Failed to write core dump. Minidumps are not enabled by default on client versions of Windows
#

---------------  T H R E A D  ---------------

Current thread (0x0000000054e5a000):  JavaThread "C2 CompilerThread1" daemon [_thread_in_native, id=3216, stack(0x0000000056b20000,0x0000000056c20000)]

Stack: [0x0000000056b20000,0x0000000056c20000]
[error occurred during error reporting (printing stack bounds), id 0xc0000005]

Native frames: (J=compiled Java code, j=interpreted, Vv=VM code, C=native code)


Current CompileTask:
C2:  13004 2132   !   4       com.android.dx.cf.code.Ropper::processBlock (1101 bytes)


---------------  P R O C E S S  ---------------

Java Threads: ( => current thread )
  0x0000000056540800 JavaThread "pool-1-thread-4" [_thread_in_Java, id=3836, stack(0x00000000576a0000,0x00000000577a0000)]
  0x0000000056537800 JavaThread "pool-1-thread-3" [_thread_blocked, id=3872, stack(0x0000000057510000,0x0000000057610000)]
  0x0000000056536800 JavaThread "pool-1-thread-2" [_thread_blocked, id=7788, stack(0x0000000056c80000,0x0000000056d80000)]
  0x0000000056535800 JavaThread "pool-2-thread-1" [_thread_blocked, id=2528, stack(0x0000000057250000,0x0000000057350000)]
  0x0000000056531000 JavaThread "pool-1-thread-1" [_thread_blocked, id=7744, stack(0x0000000057060000,0x0000000057160000)]
  0x00000000562f0800 JavaThread "Service Thread" daemon [_thread_blocked, id=7252, stack(0x0000000056d90000,0x0000000056e90000)]
  0x0000000054e5b000 JavaThread "C1 CompilerThread2" daemon [_thread_in_native, id=7584, stack(0x0000000056650000,0x0000000056750000)]
=>0x0000000054e5a000 JavaThread "C2 CompilerThread1" daemon [_thread_in_native, id=3216, stack(0x0000000056b20000,0x0000000056c20000)]
  0x000000005626b000 JavaThread "C2 CompilerThread0" daemon [_thread_in_native, id=2940, stack(0x0000000056980000,0x0000000056a80000)]
  0x0000000056266000 JavaThread "Attach Listener" daemon [_thread_blocked, id=7836, stack(0x00000000567c0000,0x00000000568c0000)]
  0x000000005625c800 JavaThread "Signal Dispatcher" daemon [_thread_blocked, id=7640, stack(0x0000000056010000,0x0000000056110000)]
  0x0000000054e39000 JavaThread "Finalizer" daemon [_thread_blocked, id=5040, stack(0x0000000056150000,0x0000000056250000)]
  0x0000000054df2000 JavaThread "Reference Handler" daemon [_thread_blocked, id=7368, stack(0x0000000055da0000,0x0000000055ea0000)]
  0x00000000020ae000 JavaThread "main" [_thread_in_vm, id=6652, stack(0x0000000002470000,0x0000000002570000)]

Other Threads:
  0x0000000054dea800 VMThread [stack: 0x0000000055eb0000,0x0000000055fb0000] [id=7372]
  0x000000005630f000 WatcherThread [stack: 0x0000000056eb0000,0x0000000056fb0000] [id=7268]

VM state:not at safepoint (normal execution)

VM Mutex/Monitor currently owned by a thread: None

Heap:
 PSYoungGen      total 134144K, used 72481K [0x00000000eab00000, 0x00000000f4300000, 0x0000000100000000)
  eden space 120320K, 49% used [0x00000000eab00000,0x00000000ee55b070,0x00000000f2080000)
  from space 13824K, 92% used [0x00000000f3080000,0x00000000f3ced620,0x00000000f3e00000)
  to   space 16384K, 0% used [0x00000000f2080000,0x00000000f2080000,0x00000000f3080000)
 ParOldGen       total 40960K, used 20631K [0x00000000c0000000, 0x00000000c2800000, 0x00000000eab00000)
  object space 40960K, 50% used [0x00000000c0000000,0x00000000c1425c60,0x00000000c2800000)
 Metaspace       used 6437K, capacity 7222K, committed 7296K, reserved 1056768K
  class space    used 609K, capacity 622K, committed 640K, reserved 1048576K

Card table byte_map: [0x0000000011930000,0x0000000011b40000] byte_map_base: 0x0000000011330000

Marking Bits: (ParMarkBitMap*) 0x000000005b5e0600
 Begin Bits: [0x0000000012260000, 0x0000000013260000)
 End Bits:   [0x0000000013260000, 0x0000000014260000)

Polling page: 0x0000000000310000

CodeCache: size=245760Kb used=10702Kb max_used=10702Kb free=235057Kb
 bounds [0x0000000002570000, 0x0000000003000000, 0x0000000011570000]
 total_blobs=2384 nmethods=2112 adapters=184
 compilation: enabled

Compilation events (10 events):
Event: 12.958 Thread 0x000000005626b000 2156       4       com.android.dx.rop.code.PlainCstInsn::withNewRegisters (22 bytes)
Event: 12.961 Thread 0x000000005626b000 nmethod 2156 0x0000000002fcd550 code [0x0000000002fcd6a0, 0x0000000002fcd898]
Event: 12.961 Thread 0x000000005626b000 2155       4       com.android.dx.rop.code.Rop::<init> (15 bytes)
Event: 12.962 Thread 0x000000005626b000 nmethod 2155 0x0000000002f9ca10 code [0x0000000002f9cb60, 0x0000000002f9cc78]
Event: 12.967 Thread 0x000000005626b000 2161       4       com.android.dx.rop.cst.CstType::equals (29 bytes)
Event: 12.968 Thread 0x000000005626b000 nmethod 2161 0x0000000002dfedd0 code [0x0000000002dfef00, 0x0000000002dfef78]
Event: 12.968 Thread 0x000000005626b000 2162       4       com.android.dx.cf.code.Ropper::addOrReplaceBlock (66 bytes)
Event: 12.978 Thread 0x0000000054e5b000 2163       3       com.android.dx.ssa.back.FirstFitLocalCombiningAllocator::handleCheckCastResults (413 bytes)
Event: 12.997 Thread 0x0000000054e5b000 nmethod 2163 0x0000000002fead90 code [0x0000000002feb320, 0x0000000002feeed8]
Event: 12.997 Thread 0x0000000054e5b000 2167       3       com.android.dx.rop.cst.CstLiteralBits::<init> (5 bytes)

GC Heap History (10 events):
Event: 3.215 GC heap before
{Heap before GC invocations=2 (full 0):
 PSYoungGen      total 17920K, used 16487K [0x00000000eab00000, 0x00000000ece00000, 0x0000000100000000)
  eden space 15360K, 100% used [0x00000000eab00000,0x00000000eba00000,0x00000000eba00000)
  from space 2560K, 44% used [0x00000000eba00000,0x00000000ebb19fd8,0x00000000ebc80000)
  to   space 2560K, 0% used [0x00000000ecb80000,0x00000000ecb80000,0x00000000ece00000)
 ParOldGen       total 40960K, used 8K [0x00000000c0000000, 0x00000000c2800000, 0x00000000eab00000)
  object space 40960K, 0% used [0x00000000c0000000,0x00000000c0002000,0x00000000c2800000)
 Metaspace       used 5935K, capacity 6836K, committed 7040K, reserved 1056768K
  class space    used 605K, capacity 620K, committed 640K, reserved 1048576K
Event: 3.277 GC heap after
Heap after GC invocations=2 (full 0):
 PSYoungGen      total 33280K, used 2532K [0x00000000eab00000, 0x00000000ece00000, 0x0000000100000000)
  eden space 30720K, 0% used [0x00000000eab00000,0x00000000eab00000,0x00000000ec900000)
  from space 2560K, 98% used [0x00000000ecb80000,0x00000000ecdf9040,0x00000000ece00000)
  to   space 2560K, 0% used [0x00000000ec900000,0x00000000ec900000,0x00000000ecb80000)
 ParOldGen       total 40960K, used 1961K [0x00000000c0000000, 0x00000000c2800000, 0x00000000eab00000)
  object space 40960K, 4% used [0x00000000c0000000,0x00000000c01ea610,0x00000000c2800000)
 Metaspace       used 5935K, capacity 6836K, committed 7040K, reserved 1056768K
  class space    used 605K, capacity 620K, committed 640K, reserved 1048576K
}
Event: 4.643 GC heap before
{Heap before GC invocations=3 (full 0):
 PSYoungGen      total 33280K, used 33252K [0x00000000eab00000, 0x00000000ece00000, 0x0000000100000000)
  eden space 30720K, 100% used [0x00000000eab00000,0x00000000ec900000,0x00000000ec900000)
  from space 2560K, 98% used [0x00000000ecb80000,0x00000000ecdf9040,0x00000000ece00000)
  to   space 2560K, 0% used [0x00000000ec900000,0x00000000ec900000,0x00000000ecb80000)
 ParOldGen       total 40960K, used 1961K [0x00000000c0000000, 0x00000000c2800000, 0x00000000eab00000)
  object space 40960K, 4% used [0x00000000c0000000,0x00000000c01ea610,0x00000000c2800000)
 Metaspace       used 6217K, capacity 7094K, committed 7296K, reserved 1056768K
  class space    used 608K, capacity 622K, committed 640K, reserved 1048576K
Event: 4.793 GC heap after
Heap after GC invocations=3 (full 0):
 PSYoungGen      total 33280K, used 2546K [0x00000000eab00000, 0x00000000eec00000, 0x0000000100000000)
  eden space 30720K, 0% used [0x00000000eab00000,0x00000000eab00000,0x00000000ec900000)
  from space 2560K, 99% used [0x00000000ec900000,0x00000000ecb7c8c0,0x00000000ecb80000)
  to   space 2560K, 0% used [0x00000000ee980000,0x00000000ee980000,0x00000000eec00000)
 ParOldGen       total 40960K, used 6737K [0x00000000c0000000, 0x00000000c2800000, 0x00000000eab00000)
  object space 40960K, 16% used [0x00000000c0000000,0x00000000c0694538,0x00000000c2800000)
 Metaspace       used 6217K, capacity 7094K, committed 7296K, reserved 1056768K
  class space    used 608K, capacity 622K, committed 640K, reserved 1048576K
}
Event: 5.255 GC heap before
{Heap before GC invocations=4 (full 0):
 PSYoungGen      total 33280K, used 33266K [0x00000000eab00000, 0x00000000eec00000, 0x0000000100000000)
  eden space 30720K, 100% used [0x00000000eab00000,0x00000000ec900000,0x00000000ec900000)
  from space 2560K, 99% used [0x00000000ec900000,0x00000000ecb7c8c0,0x00000000ecb80000)
  to   space 2560K, 0% used [0x00000000ee980000,0x00000000ee980000,0x00000000eec00000)
 ParOldGen       total 40960K, used 6737K [0x00000000c0000000, 0x00000000c2800000, 0x00000000eab00000)
  object space 40960K, 16% used [0x00000000c0000000,0x00000000c0694538,0x00000000c2800000)
 Metaspace       used 6261K, capacity 7094K, committed 7296K, reserved 1056768K
  class space    used 608K, capacity 622K, committed 640K, reserved 1048576K
Event: 5.620 GC heap after
Heap after GC invocations=4 (full 0):
 PSYoungGen      total 64000K, used 2546K [0x00000000eab00000, 0x00000000eec00000, 0x0000000100000000)
  eden space 61440K, 0% used [0x00000000eab00000,0x00000000eab00000,0x00000000ee700000)
  from space 2560K, 99% used [0x00000000ee980000,0x00000000eebfc8b8,0x00000000eec00000)
  to   space 2560K, 0% used [0x00000000ee700000,0x00000000ee700000,0x00000000ee980000)
 ParOldGen       total 40960K, used 11068K [0x00000000c0000000, 0x00000000c2800000, 0x00000000eab00000)
  object space 40960K, 27% used [0x00000000c0000000,0x00000000c0acf030,0x00000000c2800000)
 Metaspace       used 6261K, capacity 7094K, committed 7296K, reserved 1056768K
  class space    used 608K, capacity 622K, committed 640K, reserved 1048576K
}
Event: 9.974 GC heap before
{Heap before GC invocations=5 (full 0):
 PSYoungGen      total 64000K, used 63986K [0x00000000eab00000, 0x00000000eec00000, 0x0000000100000000)
  eden space 61440K, 100% used [0x00000000eab00000,0x00000000ee700000,0x00000000ee700000)
  from space 2560K, 99% used [0x00000000ee980000,0x00000000eebfc8b8,0x00000000eec00000)
  to   space 2560K, 0% used [0x00000000ee700000,0x00000000ee700000,0x00000000ee980000)
 ParOldGen       total 40960K, used 11068K [0x00000000c0000000, 0x00000000c2800000, 0x00000000eab00000)
  object space 40960K, 27% used [0x00000000c0000000,0x00000000c0acf030,0x00000000c2800000)
 Metaspace       used 6344K, capacity 7158K, committed 7296K, reserved 1056768K
  class space    used 609K, capacity 622K, committed 640K, reserved 1048576K
Event: 10.032 GC heap after
Heap after GC invocations=5 (full 0):
 PSYoungGen      total 64000K, used 2546K [0x00000000eab00000, 0x00000000f3e00000, 0x0000000100000000)
  eden space 61440K, 0% used [0x00000000eab00000,0x00000000eab00000,0x00000000ee700000)
  from space 2560K, 99% used [0x00000000ee700000,0x00000000ee97c8d8,0x00000000ee980000)
  to   space 13824K, 0% used [0x00000000f3080000,0x00000000f3080000,0x00000000f3e00000)
 ParOldGen       total 40960K, used 20631K [0x00000000c0000000, 0x00000000c2800000, 0x00000000eab00000)
  object space 40960K, 50% used [0x00000000c0000000,0x00000000c1425c60,0x00000000c2800000)
 Metaspace       used 6344K, capacity 7158K, committed 7296K, reserved 1056768K
  class space    used 609K, capacity 622K, committed 640K, reserved 1048576K
}
Event: 11.326 GC heap before
{Heap before GC invocations=6 (full 0):
 PSYoungGen      total 64000K, used 63986K [0x00000000eab00000, 0x00000000f3e00000, 0x0000000100000000)
  eden space 61440K, 100% used [0x00000000eab00000,0x00000000ee700000,0x00000000ee700000)
  from space 2560K, 99% used [0x00000000ee700000,0x00000000ee97c8d8,0x00000000ee980000)
  to   space 13824K, 0% used [0x00000000f3080000,0x00000000f3080000,0x00000000f3e00000)
 ParOldGen       total 40960K, used 20631K [0x00000000c0000000, 0x00000000c2800000, 0x00000000eab00000)
  object space 40960K, 50% used [0x00000000c0000000,0x00000000c1425c60,0x00000000c2800000)
 Metaspace       used 6421K, capacity 7158K, committed 7296K, reserved 1056768K
  class space    used 609K, capacity 622K, committed 640K, reserved 1048576K
Event: 11.398 GC heap after
Heap after GC invocations=6 (full 0):
 PSYoungGen      total 134144K, used 12725K [0x00000000eab00000, 0x00000000f4300000, 0x0000000100000000)
  eden space 120320K, 0% used [0x00000000eab00000,0x00000000eab00000,0x00000000f2080000)
  from space 13824K, 92% used [0x00000000f3080000,0x00000000f3ced620,0x00000000f3e00000)
  to   space 16384K, 0% used [0x00000000f2080000,0x00000000f2080000,0x00000000f3080000)
 ParOldGen       total 40960K, used 20631K [0x00000000c0000000, 0x00000000c2800000, 0x00000000eab00000)
  object space 40960K, 50% used [0x00000000c0000000,0x00000000c1425c60,0x00000000c2800000)
 Metaspace       used 6421K, capacity 7158K, committed 7296K, reserved 1056768K
  class space    used 609K, capacity 622K, committed 640K, reserved 1048576K
}

Deoptimization events (10 events):
Event: 10.767 Thread 0x0000000056537800 Uncommon trap: reason=class_check action=maybe_recompile pc=0x0000000002e4383c method=com.android.dx.cf.code.BytecodeArray.parseInstruction(ILcom/android/dx/cf/code/BytecodeArray$Visitor;)I @ 1417
Event: 10.767 Thread 0x0000000056537800 Uncommon trap: reason=class_check action=maybe_recompile pc=0x0000000002e4383c method=com.android.dx.cf.code.BytecodeArray.parseInstruction(ILcom/android/dx/cf/code/BytecodeArray$Visitor;)I @ 1417
Event: 10.768 Thread 0x0000000056537800 Uncommon trap: reason=bimorphic action=maybe_recompile pc=0x0000000002be233c method=com.android.dx.ssa.SCCP.setLatticeValueTo(IILcom/android/dx/rop/cst/Constant;)Z @ 43
Event: 10.768 Thread 0x0000000056537800 Uncommon trap: reason=bimorphic action=maybe_recompile pc=0x0000000002be2268 method=com.android.dx.ssa.SCCP.simulatePhi(Lcom/android/dx/ssa/PhiInsn;)V @ 124
Event: 10.768 Thread 0x0000000056537800 Uncommon trap: reason=bimorphic action=maybe_recompile pc=0x0000000002be2268 method=com.android.dx.ssa.SCCP.simulatePhi(Lcom/android/dx/ssa/PhiInsn;)V @ 124
Event: 10.769 Thread 0x0000000056537800 Uncommon trap: reason=bimorphic action=maybe_recompile pc=0x0000000002be233c method=com.android.dx.ssa.SCCP.setLatticeValueTo(IILcom/android/dx/rop/cst/Constant;)Z @ 43
Event: 10.769 Thread 0x0000000056537800 Uncommon trap: reason=bimorphic action=maybe_recompile pc=0x0000000002be233c method=com.android.dx.ssa.SCCP.setLatticeValueTo(IILcom/android/dx/rop/cst/Constant;)Z @ 43
Event: 10.769 Thread 0x0000000056537800 Uncommon trap: reason=class_check action=maybe_recompile pc=0x00000000029da16c method=java.util.HashMap.putVal(ILjava/lang/Object;Ljava/lang/Object;ZZ)Ljava/lang/Object; @ 203
Event: 10.770 Thread 0x0000000056537800 Uncommon trap: reason=bimorphic action=maybe_recompile pc=0x0000000002be233c method=com.android.dx.ssa.SCCP.setLatticeValueTo(IILcom/android/dx/rop/cst/Constant;)Z @ 43
Event: 12.617 Thread 0x0000000056536800 Uncommon trap: reason=unstable_if action=reinterpret pc=0x0000000002b899e0 method=com.android.dx.rop.code.LocalItem.compareHandlesNulls(Lcom/android/dx/rop/cst/CstString;Lcom/android/dx/rop/cst/CstString;)I @ 14

Internal exceptions (5 events):
Event: 0.407 Thread 0x00000000020ae000 Exception <a 'java/lang/NoSuchMethodError': Method sun.misc.Unsafe.defineClass(Ljava/lang/String;[BII)Ljava/lang/Class; name or signature does not match> (0x00000000eab07cc0) thrown at [D:\re\workspace\8-2-build-windows-amd64-cygwin\jdk8u77\6540\hotspot\sr…ï¬”ÐÚ?
Event: 0.407 Thread 0x00000000020ae000 Exception <a 'java/lang/NoSuchMethodError': Method sun.misc.Unsafe.prefetchRead(Ljava/lang/Object;J)V name or signature does not match> (0x00000000eab07fa8) thrown at [D:\re\workspace\8-2-build-windows-amd64-cygwin\jdk8u77\6540\hotspot\src\share\vm\prims\jÙ;üâß
@
Event: 3.359 Thread 0x0000000056531000 Implicit null exception at 0x000000000298dcd2 to 0x000000000298ddd1
Event: 8.075 Thread 0x0000000056536800 Implicit null exception at 0x0000000002cf8e44 to 0x0000000002cfda4d
Event: 12.617 Thread 0x0000000056536800 Implicit null exception at 0x0000000002b87ded to 0x0000000002b899b9

Events (10 events):
Event: 11.175 Thread 0x0000000056537800 DEOPT UNPACKING pc=0x00000000025b787f sp=0x000000005760e870 mode 0
Event: 11.325 Executing VM operation: ParallelGCFailedAllocation
Event: 11.398 Executing VM operation: ParallelGCFailedAllocation done
Event: 12.614 loading class com/android/dx/cf/iface/ParseObserver
Event: 12.614 loading class com/android/dx/cf/iface/ParseObserver done
Event: 12.617 Thread 0x0000000056536800 Uncommon trap: trap_request=0xffffff65 fr.pc=0x0000000002b899e0
Event: 12.617 Thread 0x0000000056536800 DEOPT PACKING pc=0x0000000002b899e0 sp=0x0000000056d7eb80
Event: 12.625 Thread 0x0000000056536800 DEOPT UNPACKING pc=0x00000000025b582a sp=0x0000000056d7e988 mode 2
Event: 12.978 Thread 0x0000000056540800 DEOPT PACKING pc=0x0000000002b2ab83 sp=0x000000005779e830
Event: 12.997 Thread 0x0000000056540800 DEOPT UNPACKING pc=0x00000000025b787f sp=0x000000005779e580 mode 0


Dynamic libraries:
0x000000013fda0000 - 0x000000013fdd7000 	C:\Program Files\Java\jdk1.8.0_77\bin\java.exe
0x0000000077390000 - 0x0000000077539000 	C:\Windows\SYSTEM32\ntdll.dll
0x0000000077170000 - 0x000000007728f000 	C:\Windows\system32\kernel32.dll
0x000007fefd440000 - 0x000007fefd4ab000 	C:\Windows\system32\KERNELBASE.dll
0x000007fefe740000 - 0x000007fefe81b000 	C:\Windows\system32\ADVAPI32.dll
0x000007fefd6a0000 - 0x000007fefd73f000 	C:\Windows\system32\msvcrt.dll
0x000007fefd740000 - 0x000007fefd75f000 	C:\Windows\SYSTEM32\sechost.dll
0x000007feff490000 - 0x000007feff5bd000 	C:\Windows\system32\RPCRT4.dll
0x0000000077290000 - 0x000000007738a000 	C:\Windows\system32\USER32.dll
0x000007fefd830000 - 0x000007fefd897000 	C:\Windows\system32\GDI32.dll
0x000007fefd550000 - 0x000007fefd55e000 	C:\Windows\system32\LPK.dll
0x000007fefd760000 - 0x000007fefd829000 	C:\Windows\system32\USP10.dll
0x000007fefbba0000 - 0x000007fefbd94000 	C:\Windows\WinSxS\amd64_microsoft.windows.common-controls_6595b64144ccf1df_6.0.7601.17514_none_fa396087175ac9ac\COMCTL32.dll
0x000007fefe630000 - 0x000007fefe6a1000 	C:\Windows\system32\SHLWAPI.dll
0x000007fefe710000 - 0x000007fefe73e000 	C:\Windows\system32\IMM32.DLL
0x000007fefe850000 - 0x000007fefe959000 	C:\Windows\system32\MSCTF.dll
0x0000000061190000 - 0x0000000061262000 	C:\Program Files\Java\jdk1.8.0_77\jre\bin\msvcr100.dll
0x000000005add0000 - 0x000000005b660000 	C:\Program Files\Java\jdk1.8.0_77\jre\bin\server\jvm.dll
0x000007fef6080000 - 0x000007fef6089000 	C:\Windows\system32\WSOCK32.dll
0x000007fefd500000 - 0x000007fefd54d000 	C:\Windows\system32\WS2_32.dll
0x000007fefe840000 - 0x000007fefe848000 	C:\Windows\system32\NSI.dll
0x000007fef8d50000 - 0x000007fef8d8b000 	C:\Windows\system32\WINMM.dll
0x000007fefc230000 - 0x000007fefc23c000 	C:\Windows\system32\VERSION.dll
0x0000000077560000 - 0x0000000077567000 	C:\Windows\system32\PSAPI.DLL
0x000000006d080000 - 0x000000006d08f000 	C:\Program Files\Java\jdk1.8.0_77\jre\bin\verify.dll
0x000000006d050000 - 0x000000006d079000 	C:\Program Files\Java\jdk1.8.0_77\jre\bin\java.dll
0x000000006d030000 - 0x000000006d046000 	C:\Program Files\Java\jdk1.8.0_77\jre\bin\zip.dll
0x000007fefd8a0000 - 0x000007fefe628000 	C:\Windows\system32\SHELL32.dll
0x000007fefe960000 - 0x000007fefeb63000 	C:\Windows\system32\ole32.dll
0x000007fefd150000 - 0x000007fefd15f000 	C:\Windows\system32\profapi.dll

VM Arguments:
jvm_args: -Djava.awt.headless=true -Xmx1024M -Dfile.encoding=x-windows-949 -Duser.country=KR -Duser.language=ko -Duser.variant 
java_command: com.android.dx.command.Main --dex --force-jumbo --num-threads=4 --output C:\andDev\work\VolleyListProject\app\build\intermediates\pre-dexed\debug\com.android.support-support-v4-24.1.1_96509bebf722e69be20843e196cd25f95fb797f9.jar C:\andDev\work\VolleyListProject\app\build\intermediates\exploded-aar\com.android.support\support-v4\24.1.1\jars\classes.jar
java_class_path (initial): C:\andDev\sdk\build-tools\24.0.1\lib\dx.jar
Launcher Type: SUN_STANDARD

Environment Variables:
PATH=C:\ProgramData\Oracle\Java\javapath;C:\Program Files (x86)\Intel\iCLS Client\;C:\Program Files\Intel\iCLS Client\;C:\Windows\system32;C:\Windows;C:\Windows\System32\Wbem;C:\Windows\System32\WindowsPowerShell\v1.0\;C:\Program Files (x86)\Intel\OpenCL SDK\2.0\bin\x86;C:\Program Files (x86)\Intel\OpenCL SDK\2.0\bin\x64;C:\Program Files\Intel\Intel(R) Management Engine Components\DAL;C:\Program Files\Intel\Intel(R) Management Engine Components\IPT;C:\Program Files (x86)\Intel\Intel(R) Management Engine Components\DAL;C:\Program Files (x86)\Intel\Intel(R) Management Engine Components\IPT;C:\Program Files\Intel\WiFi\bin\;C:\Program Files\Common Files\Intel\WirelessCommon\;C:\Program Files\Bandizip\7z;C:\Program Files\Intel\WiFi\bin\;C:\Program Files\Common Files\Intel\WirelessCommon\
USERNAME=Tacademy
OS=Windows_NT
PROCESSOR_IDENTIFIER=Intel64 Family 6 Model 58 Stepping 9, GenuineIntel



---------------  S Y S T E M  ---------------

OS: Windows 7 , 64 bit Build 7601 (6.1.7601.18015)

CPU:total 4 (2 cores per cpu, 2 threads per core) family 6 model 58 stepping 9, cmov, cx8, fxsr, mmx, sse, sse2, sse3, ssse3, sse4.1, sse4.2, popcnt, avx, aes, clmul, erms, ht, tsc, tscinvbit, tscinv

Memory: 4k page, physical 3888676k(102496k free), swap 15459508k(24380k free)

vm_info: Java HotSpot(TM) 64-Bit Server VM (25.77-b03) for windows-amd64 JRE (1.8.0_77-b03), built on Mar 20 2016 22:01:33 by "java_re" with MS VC++ 10.0 (VS2010)

time: Thu Jul 28 13:32:05 2016
elapsed time: 13 seconds (0d 0h 0m 13s)

